[14:13:24] [main/INFO]: Loading Minecraft 1.19.2 with Fabric Loader 0.14.9
[14:13:24] [main/INFO]: Loading 45 mods:
	- carpet 1.4.83
	- carpet-autocraftingtable 1.4.57
	- fabric-api 0.62.0+1.19.2
	- fabric-api-base 0.4.12+93d8cb8290 via fabric-api
	- fabric-api-lookup-api-v1 1.6.10+93d8cb8290 via fabric-api
	- fabric-biome-api-v1 9.0.18+c6af733c90 via fabric-api
	- fabric-command-api-v1 1.2.12+f71b366f90 via fabric-api
	- fabric-command-api-v2 2.1.8+93d8cb8290 via fabric-api
	- fabric-commands-v0 0.2.29+df3654b390 via fabric-api
	- fabric-containers-v0 0.1.35+df3654b390 via fabric-api
	- fabric-content-registries-v0 3.3.1+624e468e90 via fabric-api
	- fabric-convention-tags-v1 1.1.2+93d8cb8290 via fabric-api
	- fabric-crash-report-info-v1 0.2.6+aeb40ebe90 via fabric-api
	- fabric-data-generation-api-v1 5.2.0+b598f4ac90 via fabric-api
	- fabric-dimensions-v1 2.1.32+0dd10df690 via fabric-api
	- fabric-entity-events-v1 1.4.19+9ff28f4090 via fabric-api
	- fabric-events-interaction-v0 0.4.29+c6af733c90 via fabric-api
	- fabric-events-lifecycle-v0 0.2.29+df3654b390 via fabric-api
	- fabric-game-rule-api-v1 1.0.22+c6af733c90 via fabric-api
	- fabric-item-api-v1 1.5.8+93d8cb8290 via fabric-api
	- fabric-item-groups-v0 0.3.30+93d8cb8290 via fabric-api
	- fabric-lifecycle-events-v1 2.2.0+33ffe9ec90 via fabric-api
	- fabric-loot-api-v2 1.1.4+83a8659290 via fabric-api
	- fabric-loot-tables-v1 1.1.7+9e7660c690 via fabric-api
	- fabric-message-api-v1 5.0.4+93d8cb8290 via fabric-api
	- fabric-mining-level-api-v1 2.1.15+33fbc73890 via fabric-api
	- fabric-networking-api-v1 1.2.5+c6af733c90 via fabric-api
	- fabric-networking-v0 0.3.22+df3654b390 via fabric-api
	- fabric-object-builder-api-v1 4.0.12+93d8cb8290 via fabric-api
	- fabric-particles-v1 1.0.11+79adfe0a90 via fabric-api
	- fabric-registry-sync-v0 0.9.26+c6af733c90 via fabric-api
	- fabric-rendering-data-attachment-v1 0.3.15+aeb40ebe90 via fabric-api
	- fabric-rendering-fluids-v1 3.0.8+c6af733c90 via fabric-api
	- fabric-resource-conditions-api-v1 2.0.12+a29562c890 via fabric-api
	- fabric-resource-loader-v0 0.7.0+93d8cb8290 via fabric-api
	- fabric-screen-handler-api-v1 1.3.1+1cc24b1b90 via fabric-api
	- fabric-transfer-api-v1 2.1.1+93d8cb8290 via fabric-api
	- fabric-transitive-access-wideners-v1 1.3.1+42d99c3290 via fabric-api
	- fabricloader 0.14.9
	- jamlib 0.4.4
	- java 17
	- jei 11.3.0.262
	- jeresources 1.1.0.179
	- minecraft 1.19.2
	- rightclickharvest 3.0.1
[14:13:25] [main/INFO]: SpongePowered MIXIN Subsystem Version=0.8.5 Source=file:/D:/servers/carpet%20server/libraries/net/fabricmc/sponge-mixin/0.11.4+mixin.0.8.5/sponge-mixin-0.11.4+mixin.0.8.5.jar Service=Knot/Fabric Env=SERVER
[14:13:25] [main/INFO]: Compatibility level set to JAVA_17
[14:13:25] [main/WARN]: Reference map 'JustEnoughResources-Fabric-1.19.2-refmap.json' for jeresources.mixins.json could not be read. If this is a development environment you can ignore this message
[14:13:30] [main/INFO]: Building unoptimized datafixer
[14:13:32] [main/INFO]: Mod initialized!
[14:13:32] [main/INFO]: [jamlib] Registered config for rightclickharvest
[14:13:32] [main/INFO]: Mod initialized!
[14:13:32] [main/WARN]: Registering outdated rules for settings class 'carpet_autocraftingtable.AutoCraftingTableSettings'!
This won't be supported in the future and rules won't be registered!
[14:13:32] [main/INFO]: Environment: authHost='https://authserver.mojang.com', accountsHost='https://api.mojang.com', sessionHost='https://sessionserver.mojang.com', servicesHost='https://api.minecraftservices.com', name='PROD'
[14:13:33] [main/WARN]: Couldn't get pack info for: net.minecraft.class_3266: 'pack.mcmeta' in ResourcePack '.\world\datapacks\extrarecipes-e3351.zip'
[14:13:35] [main/INFO]: Loaded 7 recipes
[14:13:35] [main/INFO]: Loaded 1201 advancements
[14:13:36] [main/INFO]: Applied 0 biome modifications to 0 of 63 new biomes in 2.917 ms
[14:13:36] [Server thread/INFO]: Starting minecraft server version 1.19.2
[14:13:36] [Server thread/INFO]: Loading properties
[14:13:36] [Server thread/INFO]: Default game type: SURVIVAL
[14:13:36] [Server thread/INFO]: Generating keypair
[14:13:36] [Server thread/INFO]: Starting Minecraft server on *:25565
[14:13:36] [Server thread/INFO]: Using default channel type
[14:13:36] [Server thread/WARN]: **** SERVER IS RUNNING IN OFFLINE/INSECURE MODE!
[14:13:36] [Server thread/WARN]: The server will make no attempt to authenticate usernames. Beware.
[14:13:36] [Server thread/WARN]: While this makes the game possible to play without internet access, it also opens up the ability for hackers to connect with any username they choose.
[14:13:36] [Server thread/WARN]: To change this, set "online-mode" to "true" in the server.properties file.
[14:13:36] [Server thread/INFO]: Preparing level "world"
[14:13:36] [Server thread/INFO]: [CM] Loaded 2 settings from carpet.conf
[14:13:37] [Server thread/INFO]: Preparing start region for dimension minecraft:overworld
[14:13:40] [Worker-Main-3/INFO]: Preparing spawn area: 0%
[14:13:40] [Worker-Main-2/INFO]: Preparing spawn area: 0%
[14:13:40] [Worker-Main-10/INFO]: Preparing spawn area: 0%
[14:13:40] [Worker-Main-5/INFO]: Preparing spawn area: 0%
[14:13:40] [Worker-Main-3/INFO]: Preparing spawn area: 0%
[14:13:40] [Worker-Main-8/INFO]: Preparing spawn area: 0%
[14:13:40] [Worker-Main-5/INFO]: Preparing spawn area: 0%
[14:13:40] [Worker-Main-8/INFO]: Preparing spawn area: 0%
[14:13:41] [Worker-Main-1/INFO]: Preparing spawn area: 25%
[14:13:41] [Server thread/INFO]: Time elapsed: 4375 ms
[14:13:41] [Server thread/INFO]: Done (4.761s)! For help, type "help"
[14:13:41] [Server thread/INFO]: [Not Secure] [Server] Loaded Bucketable!
[14:14:44] [Server thread/INFO]: NBJF[/127.0.0.1:57535] logged in with entity id 151 at (882.8262588513178, 63.0, -969.3721369451597)
[14:14:45] [Server thread/INFO]: NBJF joined the game
[14:14:47] [Server thread/WARN]: Can't keep up! Is the server overloaded? Running 3269ms or 65 ticks behind
[14:14:51] [Netty Server IO #2/INFO]: Player NBJF joined with a matching carpet client
[14:16:17] [Server thread/INFO]: SlejmUr[/88.209.193.152:63235] logged in with entity id 851 at (876.7179565387277, 64.0, -954.076996276124)
[14:16:17] [Server thread/INFO]: SlejmUr joined the game
[14:18:06] [Server thread/INFO]: SlejmUr has made the advancement [Cover Me with Diamonds]
[14:19:35] [Server thread/INFO]: SlejmUr has made the advancement [Acquire Hardware]
[14:20:42] [Server thread/INFO]: SlejmUr has made the advancement [A Seedy Place]
[14:22:41] [Server thread/INFO]: SlejmUr has made the advancement [Isn't It Iron Pick]
[15:15:57] [Server thread/WARN]: Can't keep up! Is the server overloaded? Running 2282ms or 45 ticks behind
[15:17:42] [Server thread/INFO]: NBJF lost connection: Disconnected
[15:17:42] [Server thread/INFO]: NBJF left the game
[15:17:43] [Server thread/INFO]: SlejmUr lost connection: Disconnected
[15:17:43] [Server thread/INFO]: SlejmUr left the game
